TN:
SF:src/formDiff.js
FN:3,(anonymous_0)
FN:6,(anonymous_1)
FN:9,(anonymous_2)
FN:12,(anonymous_3)
FNF:4
FNH:4
FNDA:1,(anonymous_0)
FNDA:3,(anonymous_1)
FNDA:1,(anonymous_2)
FNDA:5,(anonymous_3)
DA:3,1
DA:4,1
DA:5,1
DA:6,3
DA:9,1
DA:10,1
DA:11,1
DA:13,5
DA:14,1
DA:16,4
DA:17,2
DA:19,2
DA:20,1
DA:22,1
DA:24,1
LF:15
LH:15
BRDA:13,0,0,1
BRDA:13,0,1,4
BRDA:16,1,0,2
BRDA:16,1,1,2
BRDA:19,2,0,1
BRDA:19,2,1,1
BRF:6
BRH:6
end_of_record
TN:
SF:src/index.js
FN:6,(anonymous_0)
FN:8,(anonymous_1)
FN:15,(anonymous_2)
FN:17,(anonymous_3)
FNF:4
FNH:4
FNDA:2,(anonymous_0)
FNDA:2,(anonymous_1)
FNDA:2,(anonymous_2)
FNDA:1,(anonymous_3)
DA:6,2
DA:8,1
DA:9,2
DA:11,2
DA:12,2
DA:15,2
DA:17,1
DA:18,1
DA:19,1
DA:20,1
DA:21,1
LF:11
LH:11
BRF:0
BRH:0
end_of_record
TN:
SF:src/parser.js
FN:1,(anonymous_0)
FNF:1
FNH:1
FNDA:2,(anonymous_0)
DA:1,1
DA:2,2
DA:4,2
DA:6,0
LF:4
LH:3
BRDA:2,0,0,2
BRDA:2,0,1,0
BRF:2
BRH:1
end_of_record
